<?xml version="1.0" encoding="UTF-8"?>
<!-- Generated by org.testng.reporters.JUnitXMLReporter -->
<testsuite hostname="DESKTOP-2JABQ32" ignored="4" name="Test" tests="11" failures="0" timestamp="2022-10-28T07:22:17 IST" time="118.089" errors="0">
  <testcase name="verifyNaukriLogoTest" time="0.084" classname="com.naukri.qa.page.test.LoginPageTest"/>
  <testcase name="verifyLoginPageTitleTest" time="0.041" classname="com.naukri.qa.page.test.LoginPageTest"/>
  <testcase name="verifyLoginPageTest" time="6.314" classname="com.naukri.qa.page.test.LoginPageTest"/>
  <testcase name="verifyHomePageTitle" time="18.365" classname="com.naukri.qa.page.test.HomePageTest"/>
  <testcase name="verifyHomePageLogo" time="0.042" classname="com.naukri.qa.page.test.HomePageTest"/>
  <testcase name="enterInSerachFeild" time="13.511" classname="com.naukri.qa.page.test.HomePageTest"/>
  <testcase name="verifYPendingLogoTest" time="0.017" classname="com.naukri.qa.page.test.PendingActionsTest"/>
  <testcase name="verifyPenfingActionsTextTest" time="0.055" classname="com.naukri.qa.page.test.PendingActionsTest"/>
  <testcase name="selectAllTabs" time="11.701" classname="com.naukri.qa.page.test.PendingActionsTest"/>
  <testcase name="footerText" time="4.082" classname="com.naukri.qa.page.test.PendingActionsTest"/>
  <testcase name="enterfields" time="34.636" classname="com.naukri.qa.page.test.PendingActionsTest"/>
  <testcase name="@BeforeSuite intializeDriver" time="0.0" classname="com.naukri.qa.base.TestBase">
    <ignored/>
  </testcase> <!-- @BeforeSuite intializeDriver -->
  <testcase name="@BeforeSuite intializeDriver" time="0.0" classname="com.naukri.qa.base.TestBase">
    <ignored/>
  </testcase> <!-- @BeforeSuite intializeDriver -->
  <testcase name="@AfterSuite tearDown" time="0.0" classname="com.naukri.qa.base.TestBase">
    <ignored/>
  </testcase> <!-- @AfterSuite tearDown -->
  <testcase name="@AfterSuite tearDown" time="0.0" classname="com.naukri.qa.base.TestBase">
    <ignored/>
  </testcase> <!-- @AfterSuite tearDown -->
</testsuite> <!-- Test -->
